<?xml version="1.0" encoding="UTF-8"?>
<testng-results ignored="0" total="2" passed="2" failed="0" skipped="0">
  <reporter-output>
  </reporter-output>
  <suite started-at="2022-06-17T07:24:19Z" name="Default suite" finished-at="2022-06-17T07:28:56Z" duration-ms="276972">
    <groups>
    </groups>
    <test started-at="2022-06-17T07:24:19Z" name="Default test" finished-at="2022-06-17T07:28:56Z" duration-ms="276972">
      <class name="com.Pdf_Assignment.java_1.Java_assignment1">
        <test-method signature="pdfFileFromSystem()[pri:1, instance:com.Pdf_Assignment.java_1.Java_assignment1@5c45d770]" started-at="2022-06-17T07:24:19Z" name="pdfFileFromSystem" finished-at="2022-06-17T07:24:35Z" duration-ms="16200" status="PASS">
          <reporter-output>
          </reporter-output>
        </test-method> <!-- pdfFileFromSystem -->
        <test-method signature="ReadPDFFileFromInternet()[pri:2, instance:com.Pdf_Assignment.java_1.Java_assignment1@5c45d770]" started-at="2022-06-17T07:24:35Z" name="ReadPDFFileFromInternet" finished-at="2022-06-17T07:28:56Z" duration-ms="260752" status="PASS">
          <reporter-output>
          </reporter-output>
        </test-method> <!-- ReadPDFFileFromInternet -->
      </class> <!-- com.Pdf_Assignment.java_1.Java_assignment1 -->
    </test> <!-- Default test -->
  </suite> <!-- Default suite -->
</testng-results>
